imagepicker/build/outputs/logs/manifest-merger-debug-report.txt
-- Merging decision tree log ---
manifest
ADDED from src\main\AndroidManifest.xml:2:1-47:12
INJECTED from src\main\AndroidManifest.xml:2:1-47:12
INJECTED from src\main\AndroidManifest.xml:2:1-47:12
INJECTED from src\main\AndroidManifest.xml:2:1-47:12
INJECTED from src\main\AndroidManifest.xml:2:1-47:12
INJECTED from src\main\AndroidManifest.xml:2:1-47:12
INJECTED from src\main\AndroidManifest.xml:2:1-47:12
	package
		ADDED from src\main\AndroidManifest.xml:3:5-34
		INJECTED from src\main\AndroidManifest.xml
		INJECTED from src\main\AndroidManifest.xml
	android:versionName
		INJECTED from src\main\AndroidManifest.xml
		ADDED from src\main\AndroidManifest.xml:2:1-47:12
		INJECTED from src\main\AndroidManifest.xml
	android:versionCode
		INJECTED from src\main\AndroidManifest.xml
		ADDED from src\main\AndroidManifest.xml:2:1-47:12
		INJECTED from src\main\AndroidManifest.xml
	xmlns:android
		ADDED from src\main\AndroidManifest.xml:2:11-69
uses-permission#android.permission.MOUNT_UNMOUNT_FILESYSTEMS
ADDED from src\main\AndroidManifest.xml:6:5-84
	android:name
		ADDED from src\main\AndroidManifest.xml:6:22-81
uses-permission#android.permission.WRITE_EXTERNAL_STORAGE
ADDED from src\main\AndroidManifest.xml:8:5-81
	android:name
		ADDED from src\main\AndroidManifest.xml:8:22-78
uses-permission#android.permission.READ_EXTERNAL_STORAGE
ADDED from src\main\AndroidManifest.xml:10:5-80
	android:name
		ADDED from src\main\AndroidManifest.xml:10:22-77
uses-permission#android.permission.CAMERA
ADDED from src\main\AndroidManifest.xml:12:5-65
	android:name
		ADDED from src\main\AndroidManifest.xml:12:22-62
application
ADDED from src\main\AndroidManifest.xml:14:5-45:19
activity#com.lzy.imagepicker.ui.ImageBaseActivity
ADDED from src\main\AndroidManifest.xml:15:9-58
	android:name
		ADDED from src\main\AndroidManifest.xml:15:19-55
activity#com.lzy.imagepicker.ui.ImageGridActivity
ADDED from src\main\AndroidManifest.xml:16:9-19:55
	android:configChanges
		ADDED from src\main\AndroidManifest.xml:18:13-59
	android:theme
		ADDED from src\main\AndroidManifest.xml:19:13-52
	android:name
		ADDED from src\main\AndroidManifest.xml:17:13-49
activity#com.lzy.imagepicker.ui.ImageCropActivity
ADDED from src\main\AndroidManifest.xml:20:9-24:55
	android:hardwareAccelerated
		ADDED from src\main\AndroidManifest.xml:23:13-48
	android:configChanges
		ADDED from src\main\AndroidManifest.xml:22:13-59
	android:theme
		ADDED from src\main\AndroidManifest.xml:24:13-52
	android:name
		ADDED from src\main\AndroidManifest.xml:21:13-49
activity#com.lzy.imagepicker.ui.ImagePreviewActivity
ADDED from src\main\AndroidManifest.xml:25:9-28:65
	android:configChanges
		ADDED from src\main\AndroidManifest.xml:27:13-59
	android:theme
		ADDED from src\main\AndroidManifest.xml:28:13-62
	android:name
		ADDED from src\main\AndroidManifest.xml:26:13-52
activity#com.lzy.imagepicker.ui.ImagePreviewDelActivity
ADDED from src\main\AndroidManifest.xml:30:9-33:65
	android:configChanges
		ADDED from src\main\AndroidManifest.xml:32:13-59
	android:theme
		ADDED from src\main\AndroidManifest.xml:33:13-62
	android:name
		ADDED from src\main\AndroidManifest.xml:31:13-55
provider#com.lzy.imagepicker.ImagePickerProvider
ADDED from src\main\AndroidManifest.xml:35:9-43:20
	android:grantUriPermissions
		ADDED from src\main\AndroidManifest.xml:39:13-47
	android:authorities
		ADDED from src\main\AndroidManifest.xml:37:13-60
	android:exported
		ADDED from src\main\AndroidManifest.xml:38:13-37
	android:name
		ADDED from src\main\AndroidManifest.xml:36:13-48
meta-data#android.support.FILE_PROVIDER_PATHS
ADDED from src\main\AndroidManifest.xml:40:13-42:58
	android:resource
		ADDED from src\main\AndroidManifest.xml:42:17-55
	android:name
		ADDED from src\main\AndroidManifest.xml:41:17-67
uses-sdk
INJECTED from src\main\AndroidManifest.xml reason: use-sdk injection requested
INJECTED from src\main\AndroidManifest.xml
INJECTED from src\main\AndroidManifest.xml
INJECTED from src\main\AndroidManifest.xml
INJECTED from src\main\AndroidManifest.xml
	android:targetSdkVersion
		INJECTED from src\main\AndroidManifest.xml
		ADDED from src\main\AndroidManifest.xml
		INJECTED from src\main\AndroidManifest.xml
	android:minSdkVersion
		INJECTED from src\main\AndroidManifest.xml
		ADDED from src\main\AndroidManifest.xml
		INJECTED from src\main\AndroidManifest.xml